<?xml version="1.0" encoding="UTF-8"?>
<testsuite name="com.avenuecode.ProductRepositoryTests" time="0.553" tests="6" errors="0" skipped="0" failures="0">
  <properties>
[...]
</properties>
  <testcase name="shouldRetrieveOneProductIncludingRelationships" classname="com.avenuecode.ProductRepositoryTests" time="0.13"/>
  <testcase name="shouldRetrieveChildProductsOfAProduct" classname="com.avenuecode.ProductRepositoryTests" time="0.062"/>
  <testcase name="shouldRetrieveAllProductsIncludingRelationships" classname="com.avenuecode.ProductRepositoryTests" time="0.247"/>
  <testcase name="shouldRetrieveOneProductExcludingRelationships" classname="com.avenuecode.ProductRepositoryTests" time="0.042"/>
  <testcase name="shouldRetrieveAllProductsExcludingRelationships" classname="com.avenuecode.ProductRepositoryTests" time="0.041"/>
  <testcase name="shouldRetrieveImagesOfAProduct" classname="com.avenuecode.ProductRepositoryTests" time="0.031"/>
</testsuite>